     1                                  bits 32 ; assembling for the 32 bits architecture
     2                                  
     3                                  ; declare the EntryPoint (a label defining the very first instruction of the program)
     4                                  global start        
     5                                  
     6                                  ; declare external functions needed by our program
     7                                  extern exit               ; tell nasm that exit exists even if we won't be defining it
     8                                  import exit msvcrt.dll    ; exit is a function that ends the calling process. It is defined in msvcrt.dll
     9                                                            ; msvcrt.dll contains exit, printf and all the other important C-runtime specific functions
    10                                  
    11                                  ; our data is declared here (the variables needed by our program)
    12                                  segment data use32 class=data
    13                                      ; ...
    14 00000000 2D1C                        a dw 1c2dh
    15 00000002 7A3B                        b db 7ah,3bh
    16                                  ; our code starts here
    17                                  segment code use32 class=code
    18                                      start:
    19                                          ; ...
    20 00000000 66A1[02000000]                  mov ax, [b]
    21                                          ; exit(0)
    22 00000006 6A00                            push    dword 0      ; push the parameter for exit onto the stack
    23 00000008 FF15[00000000]                  call    [exit]       ; call exit to terminate the program
