     1                                  bits 32 ; assembling for the 32 bits architecture
     2                                  
     3                                  ; declare the EntryPoint (a label defining the very first instruction of the program)
     4                                  global start        
     5                                  
     6                                  ; declare external functions needed by our program
     7                                  extern exit               ; tell nasm that exit exists even if we won't be defining it
     8                                  import exit msvcrt.dll    ; exit is a function that ends the calling process. It is defined in msvcrt.dll
     9                                                            ; msvcrt.dll contains exit, printf and all the other important C-runtime specific functions
    10                                  
    11                                  ; our data is declared here (the variables needed by our program)
    12                                  segment data use32 class=data
    13                                      ; ...
    14 00000000 02                          a db 2
    15 00000001 02                          d db 2
    16 00000002 0200                        e dw 2
    17                                  ; our code starts here
    18                                  segment code use32 class=code
    19                                      start:
    20                                          ; ...
    21 00000000 A0[01000000]                    mov AL, [d]
    22 00000005 B602                            mov DH, 2
    23 00000007 F6E6                            mul DH
    24 00000009 660305[02000000]                add AX, [e]
    25 00000010 8A2D[00000000]                  mov CH, [a]
    26 00000016 F6F5                            div CH
    27                                          
    28                                          ; exit(0)
    29 00000018 6A00                            push    dword 0      ; push the parameter for exit onto the stack
    30 0000001A FF15[00000000]                  call    [exit]       ; call exit to terminate the program
