[2024-04-25 01:59:57] [info] Start Program:
Path:"D:\UBB-FMI\An I\Sem II\OOP\Lab\Lab8-9_VS\x64\Debug\Lab8-9_VS.exe"
Arguments:
Working directory: "D:\UBB-FMI\An I\Sem II\OOP\Lab\Lab8-9_VS\"
Modules: Selected: D:\UBB-FMI\An I\Sem II\OOP\Lab\Lab8-9_VS\x64\Debug\Lab8-9_VS.exe Excluded: 
Sources: Selected: D:\UBB-FMI\An I\Sem II\OOP\Lab\Lab8-9_VS Excluded: 
Log Level: Normal
Cover Children: 0
Aggregate by file: 1
Continue after C++ exception: 0
Optimized build support: 0
Export: Binary C:\Users\vladm\AppData\Local\Temp\ac3qnwtk.3v3 
Input coverage: 
Unified diff: 
Excluded line regular expressions: 
Substitute pdb source paths: 

[2024-04-25 01:59:57] [info] Module: D:\UBB-FMI\An I\Sem II\OOP\Lab\Lab8-9_VS\x64\Debug\Lab8-9_VS.exe is selected because it matches selected pattern: D:\UBB-FMI\An I\Sem II\OOP\Lab\Lab8-9_VS\x64\Debug\Lab8-9_VS.exe
[2024-04-25 01:59:58] [info] ----------------------------------------------------
[2024-04-25 01:59:58] [info] Coverage binary generated in file: C:\Users\vladm\AppData\Local\Temp\ac3qnwtk.3v3
[2024-04-25 01:59:58] [info] ----------------------------------------------------
